RXSDK/RXSDK-Android/push/rxsdk_push_oppo/build/intermediates/manifest_merge_blame_file/debug/manifest-merger-blame-debug-report.txt
1<?xml version="1.0" encoding="utf-8"?>
2<manifest xmlns:android="http://schemas.android.com/apk/res/android"
3    package="com.ruixue.push.oppo" >
4
5    <uses-sdk android:minSdkVersion="21" />
5-->src/main/AndroidManifest.xml
6
7    <uses-permission android:name="android.permission.INTERNET" />
7-->src/main/AndroidManifest.xml:5:5-67
7-->src/main/AndroidManifest.xml:5:22-64
8    <uses-permission android:name="android.permission.READ_PHONE_STATE" />
8-->src/main/AndroidManifest.xml:7:5-75
8-->src/main/AndroidManifest.xml:7:22-72
9    <uses-permission android:name="android.permission.SYSTEM_ALERT_WINDOW" />
9-->src/main/AndroidManifest.xml:8:5-78
9-->src/main/AndroidManifest.xml:8:22-75
10    <uses-permission android:name="android.permission.SYSTEM_OVERLAY_WINDOW" />
10-->src/main/AndroidManifest.xml:9:5-80
10-->src/main/AndroidManifest.xml:9:22-77
11    <uses-permission android:name="android.permission.ACCESS_WIFI_STATE" />
11-->src/main/AndroidManifest.xml:10:5-76
11-->src/main/AndroidManifest.xml:10:22-73
12    <uses-permission android:name="android.permission.ACCESS_NETWORK_STATE" />
12-->src/main/AndroidManifest.xml:11:5-79
12-->src/main/AndroidManifest.xml:11:22-76
13
14    <application>
14-->src/main/AndroidManifest.xml:13:5-47:19
15        <meta-data
15-->src/main/AndroidManifest.xml:15:9-17:69
16            android:name="RX_PUSH_OPPO"
16-->src/main/AndroidManifest.xml:16:13-40
17            android:value="com.ruixue.push.oppo.OppoPushProvider" />
17-->src/main/AndroidManifest.xml:17:13-66
18        <meta-data
18-->src/main/AndroidManifest.xml:18:9-20:50
19            android:name="RX_OPPO_APP_SECRET"
19-->src/main/AndroidManifest.xml:19:13-46
20            android:value="${OPPO_APP_SECRET}" />
20-->src/main/AndroidManifest.xml:20:13-47
21        <meta-data
21-->src/main/AndroidManifest.xml:21:9-23:47
22            android:name="RX_OPPO_APP_KEY"
22-->src/main/AndroidManifest.xml:22:13-43
23            android:value="${OPPO_APP_KEY}" />
23-->src/main/AndroidManifest.xml:23:13-44
24
25        <!--
26        如果应用需要解析和处理Push消息（如透传消息），则继承PushService来处理，并在此申明
27        如果不需要处理Push消息，则直接申明PsuhService即可
28        -->
29        <service
29-->src/main/AndroidManifest.xml:29:9-36:19
30            android:name="com.ruixue.push.oppo.service.PushMessageService"
30-->src/main/AndroidManifest.xml:30:13-55
31            android:exported="true"
31-->src/main/AndroidManifest.xml:32:13-36
32            android:permission="com.coloros.mcs.permission.SEND_MCS_MESSAGE" >
32-->src/main/AndroidManifest.xml:31:13-77
33            <intent-filter>
33-->src/main/AndroidManifest.xml:33:13-35:29
34                <action android:name="com.coloros.mcs.action.RECEIVE_MCS_MESSAGE" />
34-->src/main/AndroidManifest.xml:34:17-85
34-->src/main/AndroidManifest.xml:34:25-82
35            </intent-filter>
36        </service>
37        <service
37-->src/main/AndroidManifest.xml:38:9-46:19
38            android:name="com.ruixue.push.oppo.service.AppPushMessageService"
38-->src/main/AndroidManifest.xml:39:13-58
39            android:exported="true"
39-->src/main/AndroidManifest.xml:41:13-36
40            android:permission="com.heytap.mcs.permission.SEND_PUSH_MESSAGE" >
40-->src/main/AndroidManifest.xml:40:13-77
41            <intent-filter>
41-->src/main/AndroidManifest.xml:42:13-45:29
42                <action android:name="com.heytap.mcs.action.RECEIVE_MCS_MESSAGE" />
42-->src/main/AndroidManifest.xml:43:17-84
42-->src/main/AndroidManifest.xml:43:25-81
43                <action android:name="com.heytap.msp.push.RECEIVE_MCS_MESSAGE" />
43-->src/main/AndroidManifest.xml:44:17-82
43-->src/main/AndroidManifest.xml:44:25-79
44            </intent-filter>
45        </service>
46    </application>
47
48</manifest>